#-----------------------------------------------------------
# Vivado v2019.2 (64-bit)
# SW Build 2708876 on Wed Nov  6 21:40:23 MST 2019
# IP Build 2700528 on Thu Nov  7 00:09:20 MST 2019
# Start of session at: Sat Aug 27 09:57:22 2022
# Process ID: 8868
# Current directory: E:/synchronization/4-1/CPU/team/PipelineCPU
# Command line: vivado.exe -gui_launcher_event rodinguilauncherevent11024 E:\synchronization\4-1\CPU\team\PipelineCPU\PipelineCPU.xpr
# Log file: E:/synchronization/4-1/CPU/team/PipelineCPU/vivado.log
# Journal file: E:/synchronization/4-1/CPU/team/PipelineCPU\vivado.jou
#-----------------------------------------------------------
start_gui
open_project E:/synchronization/4-1/CPU/team/PipelineCPU/PipelineCPU.xpr
Scanning sources...
Finished scanning sources
INFO: [IP_Flow 19-234] Refreshing IP repositories
INFO: [IP_Flow 19-1704] No user IP repositories specified
INFO: [IP_Flow 19-2313] Loaded Vivado IP repository 'F:/Xilinx/Vivado/2019.2/data/ip'.
open_project: Time (s): cpu = 00:00:07 ; elapsed = 00:00:10 . Memory (MB): peak = 737.414 ; gain = 147.867
update_compile_order -fileset sources_1
export_ip_user_files -of_objects  [get_files E:/synchronization/4-1/CPU/team/PipelineCPU/PipelineCPU.srcs/sources_1/new/alu.v] -no_script -reset -force -quiet
remove_files  E:/synchronization/4-1/CPU/team/PipelineCPU/PipelineCPU.srcs/sources_1/new/alu.v
file delete -force E:/synchronization/4-1/CPU/team/PipelineCPU/PipelineCPU.srcs/sources_1/new/alu.v
close [ open E:/synchronization/4-1/CPU/team/PipelineCPU/PipelineCPU.srcs/sources_1/new/alu.v w ]
add_files E:/synchronization/4-1/CPU/team/PipelineCPU/PipelineCPU.srcs/sources_1/new/alu.v
update_compile_order -fileset sources_1
export_ip_user_files -of_objects  [get_files E:/synchronization/4-1/CPU/team/PipelineCPU/PipelineCPU.srcs/sources_1/new/cu.v] -no_script -reset -force -quiet
remove_files  E:/synchronization/4-1/CPU/team/PipelineCPU/PipelineCPU.srcs/sources_1/new/cu.v
file delete -force E:/synchronization/4-1/CPU/team/PipelineCPU/PipelineCPU.srcs/sources_1/new/cu.v
close [ open E:/synchronization/4-1/CPU/team/PipelineCPU/PipelineCPU.srcs/sources_1/new/cu.v w ]
add_files E:/synchronization/4-1/CPU/team/PipelineCPU/PipelineCPU.srcs/sources_1/new/cu.v
update_compile_order -fileset sources_1
export_ip_user_files -of_objects  [get_files E:/synchronization/4-1/CPU/team/PipelineCPU/PipelineCPU.srcs/sources_1/new/branch.v] -no_script -reset -force -quiet
remove_files  E:/synchronization/4-1/CPU/team/PipelineCPU/PipelineCPU.srcs/sources_1/new/branch.v
file delete -force E:/synchronization/4-1/CPU/team/PipelineCPU/PipelineCPU.srcs/sources_1/new/branch.v
close [ open E:/synchronization/4-1/CPU/team/PipelineCPU/PipelineCPU.srcs/sources_1/new/branch.v w ]
add_files E:/synchronization/4-1/CPU/team/PipelineCPU/PipelineCPU.srcs/sources_1/new/branch.v
export_ip_user_files -of_objects  [get_files E:/synchronization/4-1/CPU/team/PipelineCPU/PipelineCPU.srcs/sources_1/new/extension.v] -no_script -reset -force -quiet
remove_files  E:/synchronization/4-1/CPU/team/PipelineCPU/PipelineCPU.srcs/sources_1/new/extension.v
file delete -force E:/synchronization/4-1/CPU/team/PipelineCPU/PipelineCPU.srcs/sources_1/new/extension.v
update_compile_order -fileset sources_1
close [ open E:/synchronization/4-1/CPU/team/PipelineCPU/PipelineCPU.srcs/sources_1/new/extension.v w ]
add_files E:/synchronization/4-1/CPU/team/PipelineCPU/PipelineCPU.srcs/sources_1/new/extension.v
export_ip_user_files -of_objects  [get_files E:/synchronization/4-1/CPU/team/PipelineCPU/PipelineCPU.srcs/sources_1/new/pc.v] -no_script -reset -force -quiet
remove_files  E:/synchronization/4-1/CPU/team/PipelineCPU/PipelineCPU.srcs/sources_1/new/pc.v
file delete -force E:/synchronization/4-1/CPU/team/PipelineCPU/PipelineCPU.srcs/sources_1/new/pc.v
update_compile_order -fileset sources_1
close [ open E:/synchronization/4-1/CPU/team/PipelineCPU/PipelineCPU.srcs/sources_1/new/pc.v w ]
add_files E:/synchronization/4-1/CPU/team/PipelineCPU/PipelineCPU.srcs/sources_1/new/pc.v
update_compile_order -fileset sources_1
export_ip_user_files -of_objects  [get_files E:/synchronization/4-1/CPU/team/PipelineCPU/PipelineCPU.srcs/sources_1/new/reg_ex_mem.v] -no_script -reset -force -quiet
remove_files  E:/synchronization/4-1/CPU/team/PipelineCPU/PipelineCPU.srcs/sources_1/new/reg_ex_mem.v
file delete -force E:/synchronization/4-1/CPU/team/PipelineCPU/PipelineCPU.srcs/sources_1/new/reg_ex_mem.v
close [ open E:/synchronization/4-1/CPU/team/PipelineCPU/PipelineCPU.srcs/sources_1/new/reg_ex_mem.v w ]
add_files E:/synchronization/4-1/CPU/team/PipelineCPU/PipelineCPU.srcs/sources_1/new/reg_ex_mem.v
export_ip_user_files -of_objects  [get_files E:/synchronization/4-1/CPU/team/PipelineCPU/PipelineCPU.srcs/sources_1/new/reg_file.v] -no_script -reset -force -quiet
remove_files  E:/synchronization/4-1/CPU/team/PipelineCPU/PipelineCPU.srcs/sources_1/new/reg_file.v
file delete -force E:/synchronization/4-1/CPU/team/PipelineCPU/PipelineCPU.srcs/sources_1/new/reg_file.v
update_compile_order -fileset sources_1
close [ open E:/synchronization/4-1/CPU/team/PipelineCPU/PipelineCPU.srcs/sources_1/new/regfile.v w ]
add_files E:/synchronization/4-1/CPU/team/PipelineCPU/PipelineCPU.srcs/sources_1/new/regfile.v
update_compile_order -fileset sources_1
export_ip_user_files -of_objects  [get_files E:/synchronization/4-1/CPU/team/PipelineCPU/PipelineCPU.srcs/sources_1/new/reg_id_ex.v] -no_script -reset -force -quiet
remove_files  E:/synchronization/4-1/CPU/team/PipelineCPU/PipelineCPU.srcs/sources_1/new/reg_id_ex.v
file delete -force E:/synchronization/4-1/CPU/team/PipelineCPU/PipelineCPU.srcs/sources_1/new/reg_id_ex.v
close [ open E:/synchronization/4-1/CPU/team/PipelineCPU/PipelineCPU.srcs/sources_1/new/reg_id_ex.v w ]
add_files E:/synchronization/4-1/CPU/team/PipelineCPU/PipelineCPU.srcs/sources_1/new/reg_id_ex.v
export_ip_user_files -of_objects  [get_files E:/synchronization/4-1/CPU/team/PipelineCPU/PipelineCPU.srcs/sources_1/new/reg_mem_wb.v] -no_script -reset -force -quiet
remove_files  E:/synchronization/4-1/CPU/team/PipelineCPU/PipelineCPU.srcs/sources_1/new/reg_mem_wb.v
file delete -force E:/synchronization/4-1/CPU/team/PipelineCPU/PipelineCPU.srcs/sources_1/new/reg_mem_wb.v
update_compile_order -fileset sources_1
close [ open E:/synchronization/4-1/CPU/team/PipelineCPU/PipelineCPU.srcs/sources_1/new/reg_mem_wb.v w ]
add_files E:/synchronization/4-1/CPU/team/PipelineCPU/PipelineCPU.srcs/sources_1/new/reg_mem_wb.v
update_compile_order -fileset sources_1
export_ip_user_files -of_objects  [get_files E:/synchronization/4-1/CPU/team/PipelineCPU/PipelineCPU.srcs/sources_1/new/alu.v] -no_script -reset -force -quiet
remove_files  E:/synchronization/4-1/CPU/team/PipelineCPU/PipelineCPU.srcs/sources_1/new/alu.v
file delete -force E:/synchronization/4-1/CPU/team/PipelineCPU/PipelineCPU.srcs/sources_1/new/alu.v
close [ open E:/synchronization/4-1/CPU/team/PipelineCPU/PipelineCPU.srcs/sources_1/new/alu.v w ]
add_files E:/synchronization/4-1/CPU/team/PipelineCPU/PipelineCPU.srcs/sources_1/new/alu.v
update_compile_order -fileset sources_1
WARNING: [filemgmt 56-199] Attempt to get parsing info during refresh. "On-the-fly" syntax checking information may be incorrect. [E:\synchronization\4-1\CPU\team\PipelineCPU\PipelineCPU.srcs\sources_1\new\alu.v:]
WARNING: [filemgmt 56-199] Attempt to get parsing info during refresh. "On-the-fly" syntax checking information may be incorrect. [E:\synchronization\4-1\CPU\team\PipelineCPU\PipelineCPU.srcs\sources_1\new\branch.v:]
ERROR: [Common 17-180] Spawn failed: No error
WARNING: [filemgmt 56-199] Attempt to get parsing info during refresh. "On-the-fly" syntax checking information may be incorrect. [E:\synchronization\4-1\CPU\team\PipelineCPU\PipelineCPU.srcs\sources_1\new\alu.v:]
WARNING: [filemgmt 56-199] Attempt to get parsing info during refresh. "On-the-fly" syntax checking information may be incorrect. [E:\synchronization\4-1\CPU\team\PipelineCPU\PipelineCPU.srcs\sources_1\new\branch.v:]
ERROR: [Common 17-180] Spawn failed: No error
WARNING: [filemgmt 56-199] Attempt to get parsing info during refresh. "On-the-fly" syntax checking information may be incorrect. [E:\synchronization\4-1\CPU\team\PipelineCPU\PipelineCPU.srcs\sources_1\new\alu.v:]
WARNING: [filemgmt 56-199] Attempt to get parsing info during refresh. "On-the-fly" syntax checking information may be incorrect. [E:\synchronization\4-1\CPU\team\PipelineCPU\PipelineCPU.srcs\sources_1\new\branch.v:]
ERROR: [Common 17-180] Spawn failed: No error
exit
INFO: [Common 17-206] Exiting Vivado at Sat Aug 27 10:51:00 2022...
